#
# There is insufficient memory for the Java Runtime Environment to continue.
# Native memory allocation (malloc) failed to allocate 1104240 bytes for Chunk::new
# Possible reasons:
#   The system is out of physical RAM or swap space
#   The process is running with CompressedOops enabled, and the Java Heap may be blocking the growth of the native heap
# Possible solutions:
#   Reduce memory load on the system
#   Increase physical memory or swap space
#   Check if swap backing store is full
#   Decrease Java heap size (-Xmx/-Xms)
#   Decrease number of Java threads
#   Decrease Java thread stack sizes (-Xss)
#   Set larger code cache with -XX:ReservedCodeCacheSize=
#   JVM is running with Unscaled Compressed Oops mode in which the Java heap is
#     placed in the first 4GB address space. The Java Heap base address is the
#     maximum limit for the native heap growth. Please use -XX:HeapBaseMinAddress
#     to set the Java Heap base and to place the Java Heap above 4GB virtual address.
# This output file may be truncated or incomplete.
#
#  Out of Memory Error (arena.cpp:189), pid=66520, tid=44060
#
# JRE version: Java(TM) SE Runtime Environment (17.0.2+8) (build 17.0.2+8-LTS-86)
# Java VM: Java HotSpot(TM) 64-Bit Server VM (17.0.2+8-LTS-86, mixed mode, sharing, tiered, compressed oops, compressed class ptrs, g1 gc, windows-amd64)
# No core dump will be written. Minidumps are not enabled by default on client versions of Windows
#

---------------  S U M M A R Y ------------

Command Line: C:\Users\55479\AppData\Local\Temp\surefire12008836026287417870\surefirebooter2837980002836790693.jar C:\Users\55479\AppData\Local\Temp\surefire12008836026287417870 2022-07-29T16-20-49_962-jvmRun1 surefire17119853003540863081tmp surefire_012318789794088671723tmp

Host: AMD Ryzen 5 3500U with Radeon Vega Mobile Gfx  , 8 cores, 5G,  Windows 11 , 64 bit Build 22000 (10.0.22000.708)
Time: Fri Jul 29 16:21:12 2022 Hora oficial do Brasil elapsed time: 15.346379 seconds (0d 0h 0m 15s)

---------------  T H R E A D  ---------------

Current thread (0x0000027ff7b81350):  JavaThread "C2 CompilerThread0" daemon [_thread_in_native, id=44060, stack(0x000000d1d8c00000,0x000000d1d8d00000)]


Current CompileTask:
C2:  15346 1921       4       java.lang.invoke.MethodType::makeImpl (109 bytes)

Stack: [0x000000d1d8c00000,0x000000d1d8d00000]
Native frames: (J=compiled Java code, j=interpreted, Vv=VM code, C=native code)
V  [jvm.dll+0x670baa]
V  [jvm.dll+0x7cfcb4]
V  [jvm.dll+0x7d145e]
V  [jvm.dll+0x7d1ac3]
V  [jvm.dll+0x242bc5]
V  [jvm.dll+0xaa57b]
V  [jvm.dll+0xaab0c]
V  [jvm.dll+0x35fd07]
V  [jvm.dll+0x1b9982]
V  [jvm.dll+0x215de9]
V  [jvm.dll+0x2150b1]
V  [jvm.dll+0x1a1bbd]
V  [jvm.dll+0x224908]
V  [jvm.dll+0x222a6c]
V  [jvm.dll+0x7859bb]
V  [jvm.dll+0x77ff7a]
V  [jvm.dll+0x66fa35]
C  [ucrtbase.dll+0x26c0c]
C  [KERNEL32.DLL+0x154e0]
C  [ntdll.dll+0x485b]


---------------  P R O C E S S  ---------------

Threads class SMR info:
_java_thread_list=0x0000027ffa0d31e0, length=15, elements={
0x0000027fdad80400, 0x0000027ff7b5fbd0, 0x0000027ff7b60850, 0x0000027ff7b7ed20,
0x0000027ff7b7f5e0, 0x0000027ff7b7fea0, 0x0000027ff7b80760, 0x0000027ff7b81350,
0x0000027ff7b82cb0, 0x0000027ff7b9e510, 0x0000027ff8815e80, 0x0000027ff881a7a0,
0x0000027ff88a0820, 0x0000027ff88b1770, 0x0000027ffa0f3040
}

Java Threads: ( => current thread )
  0x0000027fdad80400 JavaThread "main" [_thread_in_Java, id=66128, stack(0x000000d1d7f00000,0x000000d1d8000000)]
  0x0000027ff7b5fbd0 JavaThread "Reference Handler" daemon [_thread_blocked, id=64924, stack(0x000000d1d8600000,0x000000d1d8700000)]
  0x0000027ff7b60850 JavaThread "Finalizer" daemon [_thread_blocked, id=47512, stack(0x000000d1d8700000,0x000000d1d8800000)]
  0x0000027ff7b7ed20 JavaThread "Signal Dispatcher" daemon [_thread_blocked, id=59140, stack(0x000000d1d8800000,0x000000d1d8900000)]
  0x0000027ff7b7f5e0 JavaThread "Attach Listener" daemon [_thread_blocked, id=51968, stack(0x000000d1d8900000,0x000000d1d8a00000)]
  0x0000027ff7b7fea0 JavaThread "Service Thread" daemon [_thread_blocked, id=47644, stack(0x000000d1d8a00000,0x000000d1d8b00000)]
  0x0000027ff7b80760 JavaThread "Monitor Deflation Thread" daemon [_thread_blocked, id=66304, stack(0x000000d1d8b00000,0x000000d1d8c00000)]
=>0x0000027ff7b81350 JavaThread "C2 CompilerThread0" daemon [_thread_in_native, id=44060, stack(0x000000d1d8c00000,0x000000d1d8d00000)]
  0x0000027ff7b82cb0 JavaThread "C1 CompilerThread0" daemon [_thread_blocked, id=63800, stack(0x000000d1d8d00000,0x000000d1d8e00000)]
  0x0000027ff7b9e510 JavaThread "Sweeper thread" daemon [_thread_blocked, id=65816, stack(0x000000d1d8e00000,0x000000d1d8f00000)]
  0x0000027ff8815e80 JavaThread "Notification Thread" daemon [_thread_blocked, id=66436, stack(0x000000d1d8f00000,0x000000d1d9000000)]
  0x0000027ff881a7a0 JavaThread "Common-Cleaner" daemon [_thread_blocked, id=65944, stack(0x000000d1d9100000,0x000000d1d9200000)]
  0x0000027ff88a0820 JavaThread "surefire-forkedjvm-command-thread" daemon [_thread_in_native, id=65968, stack(0x000000d1d9300000,0x000000d1d9400000)]
  0x0000027ff88b1770 JavaThread "surefire-forkedjvm-ping-30s" daemon [_thread_blocked, id=65656, stack(0x000000d1d9400000,0x000000d1d9500000)]
  0x0000027ffa0f3040 JavaThread "background-preinit" [_thread_in_vm, id=62808, stack(0x000000d1d9c00000,0x000000d1d9d00000)] _threads_hazard_ptr=0x0000027ffa0d31e0

Other Threads:
  0x0000027fdae5cc50 VMThread "VM Thread" [stack: 0x000000d1d8500000,0x000000d1d8600000] [id=66068]
  0x0000027ff881a370 WatcherThread [stack: 0x000000d1d9000000,0x000000d1d9100000] [id=65948]
  0x0000027fdadb76a0 GCTaskThread "GC Thread#0" [stack: 0x000000d1d8000000,0x000000d1d8100000] [id=64604]
  0x0000027ff93c6470 GCTaskThread "GC Thread#1" [stack: 0x000000d1d9500000,0x000000d1d9600000] [id=65636]
  0x0000027ff93b3cc0 GCTaskThread "GC Thread#2" [stack: 0x000000d1d9600000,0x000000d1d9700000] [id=42404]
  0x0000027ff90d8810 GCTaskThread "GC Thread#3" [stack: 0x000000d1d9700000,0x000000d1d9800000] [id=51636]
  0x0000027ff90d8ac0 GCTaskThread "GC Thread#4" [stack: 0x000000d1d9800000,0x000000d1d9900000] [id=65620]
  0x0000027ff943de60 GCTaskThread "GC Thread#5" [stack: 0x000000d1d9900000,0x000000d1d9a00000] [id=60612]
  0x0000027ff943e110 GCTaskThread "GC Thread#6" [stack: 0x000000d1d9a00000,0x000000d1d9b00000] [id=60968]
  0x0000027ff966ad20 GCTaskThread "GC Thread#7" [stack: 0x000000d1d9b00000,0x000000d1d9c00000] [id=64776]
  0x0000027fdadc4370 ConcurrentGCThread "G1 Main Marker" [stack: 0x000000d1d8100000,0x000000d1d8200000] [id=34976]
  0x0000027fdadc4c90 ConcurrentGCThread "G1 Conc#0" [stack: 0x000000d1d8200000,0x000000d1d8300000] [id=66060]
  0x0000027fdae39070 ConcurrentGCThread "G1 Refine#0" [stack: 0x000000d1d8300000,0x000000d1d8400000] [id=64500]
  0x0000027fdae3a9b0 ConcurrentGCThread "G1 Service" [stack: 0x000000d1d8400000,0x000000d1d8500000] [id=42100]

Threads with active compile tasks:
C2 CompilerThread0    15422 1921       4       java.lang.invoke.MethodType::makeImpl (109 bytes)

VM state: not at safepoint (normal execution)

VM Mutex/Monitor currently owned by a thread: None

Heap address: 0x00000000a0c00000, size: 1524 MB, Compressed Oops mode: 32-bit

CDS archive(s) mapped at: [0x0000000800000000-0x0000000800bc0000-0x0000000800bc0000), size 12320768, SharedBaseAddress: 0x0000000800000000, ArchiveRelocationMode: 0.
Compressed class space mapped at: 0x0000000800c00000-0x0000000840c00000, reserved size: 1073741824
Narrow klass base: 0x0000000800000000, Narrow klass shift: 0, Narrow klass range: 0x100000000

GC Precious Log:
 CPUs: 8 total, 8 available
 Memory: 6091M
 Large Page Support: Disabled
 NUMA Support: Disabled
 Compressed Oops: Enabled (32-bit)
 Heap Region Size: 1M
 Heap Min Capacity: 8M
 Heap Initial Capacity: 96M
 Heap Max Capacity: 1524M
 Pre-touch: Disabled
 Parallel Workers: 8
 Concurrent Workers: 2
 Concurrent Refinement Workers: 8
 Periodic GC: Disabled

Heap:
 garbage-first heap   total 98304K, used 26066K [0x00000000a0c00000, 0x0000000100000000)
  region size 1024K, 19 young (19456K), 2 survivors (2048K)
 Metaspace       used 14015K, committed 14272K, reserved 1064960K
  class space    used 1832K, committed 1920K, reserved 1048576K

Heap Regions: E=young(eden), S=young(survivor), O=old, HS=humongous(starts), HC=humongous(continues), CS=collection set, F=free, OA=open archive, CA=closed archive, TAMS=top-at-mark-start (previous, next)
|   0|0x00000000a0c00000, 0x00000000a0d00000, 0x00000000a0d00000|100%|HS|  |TAMS 0x00000000a0c00000, 0x00000000a0c00000| Complete 
|   1|0x00000000a0d00000, 0x00000000a0e00000, 0x00000000a0e00000|100%| O|  |TAMS 0x00000000a0d00000, 0x00000000a0d00000| Untracked 
|   2|0x00000000a0e00000, 0x00000000a0f00000, 0x00000000a0f00000|100%| O|  |TAMS 0x00000000a0e00000, 0x00000000a0e00000| Untracked 
|   3|0x00000000a0f00000, 0x00000000a1000000, 0x00000000a1000000|100%| O|  |TAMS 0x00000000a0f00000, 0x00000000a0f00000| Untracked 
|   4|0x00000000a1000000, 0x00000000a1100000, 0x00000000a1100000|100%| O|  |TAMS 0x00000000a1000000, 0x00000000a1000000| Untracked 
|   5|0x00000000a1100000, 0x00000000a1200000, 0x00000000a1200000|100%| O|  |TAMS 0x00000000a1100000, 0x00000000a1100000| Untracked 
|   6|0x00000000a1200000, 0x00000000a1300000, 0x00000000a1300000|100%| O|  |TAMS 0x00000000a1200000, 0x00000000a1200000| Untracked 
|   7|0x00000000a1300000, 0x00000000a1400000, 0x00000000a1400000|100%| O|  |TAMS 0x00000000a1300000, 0x00000000a1300000| Untracked 
|   8|0x00000000a1400000, 0x00000000a14f4c00, 0x00000000a1500000| 95%| O|  |TAMS 0x00000000a1400000, 0x00000000a1400000| Untracked 
|   9|0x00000000a1500000, 0x00000000a1500000, 0x00000000a1600000|  0%| F|  |TAMS 0x00000000a1500000, 0x00000000a1500000| Untracked 
|  10|0x00000000a1600000, 0x00000000a1600000, 0x00000000a1700000|  0%| F|  |TAMS 0x00000000a1600000, 0x00000000a1600000| Untracked 
|  11|0x00000000a1700000, 0x00000000a1700000, 0x00000000a1800000|  0%| F|  |TAMS 0x00000000a1700000, 0x00000000a1700000| Untracked 
|  12|0x00000000a1800000, 0x00000000a1800000, 0x00000000a1900000|  0%| F|  |TAMS 0x00000000a1800000, 0x00000000a1800000| Untracked 
|  13|0x00000000a1900000, 0x00000000a1900000, 0x00000000a1a00000|  0%| F|  |TAMS 0x00000000a1900000, 0x00000000a1900000| Untracked 
|  14|0x00000000a1a00000, 0x00000000a1a00000, 0x00000000a1b00000|  0%| F|  |TAMS 0x00000000a1a00000, 0x00000000a1a00000| Untracked 
|  15|0x00000000a1b00000, 0x00000000a1b00000, 0x00000000a1c00000|  0%| F|  |TAMS 0x00000000a1b00000, 0x00000000a1b00000| Untracked 
|  16|0x00000000a1c00000, 0x00000000a1c00000, 0x00000000a1d00000|  0%| F|  |TAMS 0x00000000a1c00000, 0x00000000a1c00000| Untracked 
|  17|0x00000000a1d00000, 0x00000000a1d00000, 0x00000000a1e00000|  0%| F|  |TAMS 0x00000000a1d00000, 0x00000000a1d00000| Untracked 
|  18|0x00000000a1e00000, 0x00000000a1e00000, 0x00000000a1f00000|  0%| F|  |TAMS 0x00000000a1e00000, 0x00000000a1e00000| Untracked 
|  19|0x00000000a1f00000, 0x00000000a1f00000, 0x00000000a2000000|  0%| F|  |TAMS 0x00000000a1f00000, 0x00000000a1f00000| Untracked 
|  20|0x00000000a2000000, 0x00000000a2000000, 0x00000000a2100000|  0%| F|  |TAMS 0x00000000a2000000, 0x00000000a2000000| Untracked 
|  21|0x00000000a2100000, 0x00000000a2100000, 0x00000000a2200000|  0%| F|  |TAMS 0x00000000a2100000, 0x00000000a2100000| Untracked 
|  22|0x00000000a2200000, 0x00000000a2200000, 0x00000000a2300000|  0%| F|  |TAMS 0x00000000a2200000, 0x00000000a2200000| Untracked 
|  23|0x00000000a2300000, 0x00000000a2300000, 0x00000000a2400000|  0%| F|  |TAMS 0x00000000a2300000, 0x00000000a2300000| Untracked 
|  24|0x00000000a2400000, 0x00000000a2400000, 0x00000000a2500000|  0%| F|  |TAMS 0x00000000a2400000, 0x00000000a2400000| Untracked 
|  25|0x00000000a2500000, 0x00000000a2500000, 0x00000000a2600000|  0%| F|  |TAMS 0x00000000a2500000, 0x00000000a2500000| Untracked 
|  26|0x00000000a2600000, 0x00000000a2600000, 0x00000000a2700000|  0%| F|  |TAMS 0x00000000a2600000, 0x00000000a2600000| Untracked 
|  27|0x00000000a2700000, 0x00000000a2700000, 0x00000000a2800000|  0%| F|  |TAMS 0x00000000a2700000, 0x00000000a2700000| Untracked 
|  28|0x00000000a2800000, 0x00000000a2800000, 0x00000000a2900000|  0%| F|  |TAMS 0x00000000a2800000, 0x00000000a2800000| Untracked 
|  29|0x00000000a2900000, 0x00000000a2900000, 0x00000000a2a00000|  0%| F|  |TAMS 0x00000000a2900000, 0x00000000a2900000| Untracked 
|  30|0x00000000a2a00000, 0x00000000a2a00000, 0x00000000a2b00000|  0%| F|  |TAMS 0x00000000a2a00000, 0x00000000a2a00000| Untracked 
|  31|0x00000000a2b00000, 0x00000000a2b00000, 0x00000000a2c00000|  0%| F|  |TAMS 0x00000000a2b00000, 0x00000000a2b00000| Untracked 
|  32|0x00000000a2c00000, 0x00000000a2c00000, 0x00000000a2d00000|  0%| F|  |TAMS 0x00000000a2c00000, 0x00000000a2c00000| Untracked 
|  33|0x00000000a2d00000, 0x00000000a2d00000, 0x00000000a2e00000|  0%| F|  |TAMS 0x00000000a2d00000, 0x00000000a2d00000| Untracked 
|  34|0x00000000a2e00000, 0x00000000a2e00000, 0x00000000a2f00000|  0%| F|  |TAMS 0x00000000a2e00000, 0x00000000a2e00000| Untracked 
|  35|0x00000000a2f00000, 0x00000000a2f00000, 0x00000000a3000000|  0%| F|  |TAMS 0x00000000a2f00000, 0x00000000a2f00000| Untracked 
|  36|0x00000000a3000000, 0x00000000a3000000, 0x00000000a3100000|  0%| F|  |TAMS 0x00000000a3000000, 0x00000000a3000000| Untracked 
|  37|0x00000000a3100000, 0x00000000a3100000, 0x00000000a3200000|  0%| F|  |TAMS 0x00000000a3100000, 0x00000000a3100000| Untracked 
|  38|0x00000000a3200000, 0x00000000a3200000, 0x00000000a3300000|  0%| F|  |TAMS 0x00000000a3200000, 0x00000000a3200000| Untracked 
|  39|0x00000000a3300000, 0x00000000a3300000, 0x00000000a3400000|  0%| F|  |TAMS 0x00000000a3300000, 0x00000000a3300000| Untracked 
|  40|0x00000000a3400000, 0x00000000a3400000, 0x00000000a3500000|  0%| F|  |TAMS 0x00000000a3400000, 0x00000000a3400000| Untracked 
|  41|0x00000000a3500000, 0x00000000a3500000, 0x00000000a3600000|  0%| F|  |TAMS 0x00000000a3500000, 0x00000000a3500000| Untracked 
|  42|0x00000000a3600000, 0x00000000a3600000, 0x00000000a3700000|  0%| F|  |TAMS 0x00000000a3600000, 0x00000000a3600000| Untracked 
|  43|0x00000000a3700000, 0x00000000a3700000, 0x00000000a3800000|  0%| F|  |TAMS 0x00000000a3700000, 0x00000000a3700000| Untracked 
|  44|0x00000000a3800000, 0x00000000a3800000, 0x00000000a3900000|  0%| F|  |TAMS 0x00000000a3800000, 0x00000000a3800000| Untracked 
|  45|0x00000000a3900000, 0x00000000a3900000, 0x00000000a3a00000|  0%| F|  |TAMS 0x00000000a3900000, 0x00000000a3900000| Untracked 
|  46|0x00000000a3a00000, 0x00000000a3a00000, 0x00000000a3b00000|  0%| F|  |TAMS 0x00000000a3a00000, 0x00000000a3a00000| Untracked 
|  47|0x00000000a3b00000, 0x00000000a3b00000, 0x00000000a3c00000|  0%| F|  |TAMS 0x00000000a3b00000, 0x00000000a3b00000| Untracked 
|  48|0x00000000a3c00000, 0x00000000a3c00000, 0x00000000a3d00000|  0%| F|  |TAMS 0x00000000a3c00000, 0x00000000a3c00000| Untracked 
|  49|0x00000000a3d00000, 0x00000000a3d00000, 0x00000000a3e00000|  0%| F|  |TAMS 0x00000000a3d00000, 0x00000000a3d00000| Untracked 
|  50|0x00000000a3e00000, 0x00000000a3e00000, 0x00000000a3f00000|  0%| F|  |TAMS 0x00000000a3e00000, 0x00000000a3e00000| Untracked 
|  51|0x00000000a3f00000, 0x00000000a3f00000, 0x00000000a4000000|  0%| F|  |TAMS 0x00000000a3f00000, 0x00000000a3f00000| Untracked 
|  52|0x00000000a4000000, 0x00000000a4000000, 0x00000000a4100000|  0%| F|  |TAMS 0x00000000a4000000, 0x00000000a4000000| Untracked 
|  53|0x00000000a4100000, 0x00000000a4100000, 0x00000000a4200000|  0%| F|  |TAMS 0x00000000a4100000, 0x00000000a4100000| Untracked 
|  54|0x00000000a4200000, 0x00000000a4200000, 0x00000000a4300000|  0%| F|  |TAMS 0x00000000a4200000, 0x00000000a4200000| Untracked 
|  55|0x00000000a4300000, 0x00000000a4300000, 0x00000000a4400000|  0%| F|  |TAMS 0x00000000a4300000, 0x00000000a4300000| Untracked 
|  56|0x00000000a4400000, 0x00000000a4400000, 0x00000000a4500000|  0%| F|  |TAMS 0x00000000a4400000, 0x00000000a4400000| Untracked 
|  57|0x00000000a4500000, 0x00000000a4500000, 0x00000000a4600000|  0%| F|  |TAMS 0x00000000a4500000, 0x00000000a4500000| Untracked 
|  58|0x00000000a4600000, 0x00000000a4600000, 0x00000000a4700000|  0%| F|  |TAMS 0x00000000a4600000, 0x00000000a4600000| Untracked 
|  59|0x00000000a4700000, 0x00000000a4700000, 0x00000000a4800000|  0%| F|  |TAMS 0x00000000a4700000, 0x00000000a4700000| Untracked 
|  60|0x00000000a4800000, 0x00000000a4800000, 0x00000000a4900000|  0%| F|  |TAMS 0x00000000a4800000, 0x00000000a4800000| Untracked 
|  61|0x00000000a4900000, 0x00000000a4900000, 0x00000000a4a00000|  0%| F|  |TAMS 0x00000000a4900000, 0x00000000a4900000| Untracked 
|  62|0x00000000a4a00000, 0x00000000a4a00000, 0x00000000a4b00000|  0%| F|  |TAMS 0x00000000a4a00000, 0x00000000a4a00000| Untracked 
|  63|0x00000000a4b00000, 0x00000000a4b00000, 0x00000000a4c00000|  0%| F|  |TAMS 0x00000000a4b00000, 0x00000000a4b00000| Untracked 
|  64|0x00000000a4c00000, 0x00000000a4c00000, 0x00000000a4d00000|  0%| F|  |TAMS 0x00000000a4c00000, 0x00000000a4c00000| Untracked 
|  65|0x00000000a4d00000, 0x00000000a4d00000, 0x00000000a4e00000|  0%| F|  |TAMS 0x00000000a4d00000, 0x00000000a4d00000| Untracked 
|  66|0x00000000a4e00000, 0x00000000a4e00000, 0x00000000a4f00000|  0%| F|  |TAMS 0x00000000a4e00000, 0x00000000a4e00000| Untracked 
|  67|0x00000000a4f00000, 0x00000000a4f00000, 0x00000000a5000000|  0%| F|  |TAMS 0x00000000a4f00000, 0x00000000a4f00000| Untracked 
|  68|0x00000000a5000000, 0x00000000a507fea8, 0x00000000a5100000| 49%| S|CS|TAMS 0x00000000a5000000, 0x00000000a5000000| Complete 
|  69|0x00000000a5100000, 0x00000000a5200000, 0x00000000a5200000|100%| S|CS|TAMS 0x00000000a5100000, 0x00000000a5100000| Complete 
|  70|0x00000000a5200000, 0x00000000a5200000, 0x00000000a5300000|  0%| F|  |TAMS 0x00000000a5200000, 0x00000000a5200000| Untracked 
|  71|0x00000000a5300000, 0x00000000a5300000, 0x00000000a5400000|  0%| F|  |TAMS 0x00000000a5300000, 0x00000000a5300000| Untracked 
|  72|0x00000000a5400000, 0x00000000a5400000, 0x00000000a5500000|  0%| F|  |TAMS 0x00000000a5400000, 0x00000000a5400000| Untracked 
|  73|0x00000000a5500000, 0x00000000a5500000, 0x00000000a5600000|  0%| F|  |TAMS 0x00000000a5500000, 0x00000000a5500000| Untracked 
|  74|0x00000000a5600000, 0x00000000a5600000, 0x00000000a5700000|  0%| F|  |TAMS 0x00000000a5600000, 0x00000000a5600000| Untracked 
|  75|0x00000000a5700000, 0x00000000a5700000, 0x00000000a5800000|  0%| F|  |TAMS 0x00000000a5700000, 0x00000000a5700000| Untracked 
|  76|0x00000000a5800000, 0x00000000a5800000, 0x00000000a5900000|  0%| F|  |TAMS 0x00000000a5800000, 0x00000000a5800000| Untracked 
|  77|0x00000000a5900000, 0x00000000a5900000, 0x00000000a5a00000|  0%| F|  |TAMS 0x00000000a5900000, 0x00000000a5900000| Untracked 
|  78|0x00000000a5a00000, 0x00000000a5a00000, 0x00000000a5b00000|  0%| F|  |TAMS 0x00000000a5a00000, 0x00000000a5a00000| Untracked 
|  79|0x00000000a5b00000, 0x00000000a5b80800, 0x00000000a5c00000| 50%| E|  |TAMS 0x00000000a5b00000, 0x00000000a5b00000| Complete 
|  80|0x00000000a5c00000, 0x00000000a5d00000, 0x00000000a5d00000|100%| E|CS|TAMS 0x00000000a5c00000, 0x00000000a5c00000| Complete 
|  81|0x00000000a5d00000, 0x00000000a5e00000, 0x00000000a5e00000|100%| E|  |TAMS 0x00000000a5d00000, 0x00000000a5d00000| Complete 
|  82|0x00000000a5e00000, 0x00000000a5f00000, 0x00000000a5f00000|100%| E|CS|TAMS 0x00000000a5e00000, 0x00000000a5e00000| Complete 
|  83|0x00000000a5f00000, 0x00000000a6000000, 0x00000000a6000000|100%| E|CS|TAMS 0x00000000a5f00000, 0x00000000a5f00000| Complete 
|  84|0x00000000a6000000, 0x00000000a6100000, 0x00000000a6100000|100%| E|CS|TAMS 0x00000000a6000000, 0x00000000a6000000| Complete 
|  85|0x00000000a6100000, 0x00000000a6200000, 0x00000000a6200000|100%| E|CS|TAMS 0x00000000a6100000, 0x00000000a6100000| Complete 
|  86|0x00000000a6200000, 0x00000000a6300000, 0x00000000a6300000|100%| E|CS|TAMS 0x00000000a6200000, 0x00000000a6200000| Complete 
|  87|0x00000000a6300000, 0x00000000a6400000, 0x00000000a6400000|100%| E|CS|TAMS 0x00000000a6300000, 0x00000000a6300000| Complete 
|  88|0x00000000a6400000, 0x00000000a6500000, 0x00000000a6500000|100%| E|CS|TAMS 0x00000000a6400000, 0x00000000a6400000| Complete 
|  89|0x00000000a6500000, 0x00000000a6600000, 0x00000000a6600000|100%| E|CS|TAMS 0x00000000a6500000, 0x00000000a6500000| Complete 
|  90|0x00000000a6600000, 0x00000000a6700000, 0x00000000a6700000|100%| E|CS|TAMS 0x00000000a6600000, 0x00000000a6600000| Complete 
|  91|0x00000000a6700000, 0x00000000a6800000, 0x00000000a6800000|100%| E|CS|TAMS 0x00000000a6700000, 0x00000000a6700000| Complete 
|  92|0x00000000a6800000, 0x00000000a6900000, 0x00000000a6900000|100%| E|CS|TAMS 0x00000000a6800000, 0x00000000a6800000| Complete 
|  93|0x00000000a6900000, 0x00000000a6a00000, 0x00000000a6a00000|100%| E|CS|TAMS 0x00000000a6900000, 0x00000000a6900000| Complete 
|  94|0x00000000a6a00000, 0x00000000a6b00000, 0x00000000a6b00000|100%| E|CS|TAMS 0x00000000a6a00000, 0x00000000a6a00000| Complete 
|  95|0x00000000a6b00000, 0x00000000a6c00000, 0x00000000a6c00000|100%| E|CS|TAMS 0x00000000a6b00000, 0x00000000a6b00000| Complete 

Card table byte_map: [0x0000027ff1c10000,0x0000027ff1f10000] _byte_map_base: 0x0000027ff170a000

Marking Bits (Prev, Next): (CMBitMap*) 0x0000027fdadb7bc0, (CMBitMap*) 0x0000027fdadb7c00
 Prev Bits: [0x0000027ff2210000, 0x0000027ff39e0000)
 Next Bits: [0x0000027ff39e0000, 0x0000027ff51b0000)

Polling page: 0x0000027fd8d30000

Metaspace:

Usage:
  Non-class:     11.91 MB used.
      Class:      1.79 MB used.
       Both:     13.70 MB used.

Virtual space:
  Non-class space:       16.00 MB reserved,      12.06 MB ( 75%) committed,  2 nodes.
      Class space:        1.00 GB reserved,       1.94 MB ( <1%) committed,  1 nodes.
             Both:        1.02 GB reserved,      14.00 MB (  1%) committed. 

Chunk freelists:
   Non-Class:  3.97 MB
       Class:  2.06 MB
        Both:  6.03 MB

MaxMetaspaceSize: unlimited
CompressedClassSpaceSize: 1.00 GB
Initial GC threshold: 21.00 MB
Current GC threshold: 21.00 MB
CDS: on
MetaspaceReclaimPolicy: balanced
 - commit_granule_bytes: 65536.
 - commit_granule_words: 8192.
 - virtual_space_node_default_size: 1048576.
 - enlarge_chunks_in_place: 1.
 - new_chunks_are_fully_committed: 0.
 - uncommit_free_chunks: 1.
 - use_allocation_guard: 0.
 - handle_deallocations: 1.


Internal statistics:

num_allocs_failed_limit: 0.
num_arena_births: 174.
num_arena_deaths: 0.
num_vsnodes_births: 3.
num_vsnodes_deaths: 0.
num_space_committed: 224.
num_space_uncommitted: 0.
num_chunks_returned_to_freelist: 0.
num_chunks_taken_from_freelist: 640.
num_chunk_merges: 0.
num_chunk_splits: 412.
num_chunks_enlarged: 322.
num_purges: 0.
num_inconsistent_stats: 0.

CodeHeap 'non-profiled nmethods': size=120000Kb used=823Kb max_used=823Kb free=119177Kb
 bounds [0x0000027fea0b0000, 0x0000027fea320000, 0x0000027ff15e0000]
CodeHeap 'profiled nmethods': size=120000Kb used=4146Kb max_used=4146Kb free=115853Kb
 bounds [0x0000027fe2b80000, 0x0000027fe2f90000, 0x0000027fea0b0000]
CodeHeap 'non-nmethods': size=5760Kb used=1172Kb max_used=1192Kb free=4587Kb
 bounds [0x0000027fe25e0000, 0x0000027fe2850000, 0x0000027fe2b80000]
 total_blobs=2492 nmethods=2030 adapters=374
 compilation: enabled
              stopped_count=0, restarted_count=0
 full_count=0

Compilation events (20 events):
Event: 15.304 Thread 0x0000027ff7b82cb0 2025       3       java.util.Collections::singleton (9 bytes)
Event: 15.305 Thread 0x0000027ff7b82cb0 nmethod 2025 0x0000027fe2f80f10 code [0x0000027fe2f810c0, 0x0000027fe2f813d8]
Event: 15.305 Thread 0x0000027ff7b82cb0 2026       3       java.util.Collections$SingletonSet::<init> (10 bytes)
Event: 15.305 Thread 0x0000027ff7b82cb0 nmethod 2026 0x0000027fe2f81510 code [0x0000027fe2f816c0, 0x0000027fe2f81938]
Event: 15.305 Thread 0x0000027ff7b82cb0 2029       3       org.springframework.core.convert.converter.GenericConverter$ConvertiblePair::hashCode (19 bytes)
Event: 15.305 Thread 0x0000027ff7b82cb0 nmethod 2029 0x0000027fe2f81a10 code [0x0000027fe2f81bc0, 0x0000027fe2f81e78]
Event: 15.305 Thread 0x0000027ff7b82cb0 2027       3       java.lang.invoke.VarHandleReferences$FieldInstanceReadWrite::compareAndSet (48 bytes)
Event: 15.306 Thread 0x0000027ff7b82cb0 nmethod 2027 0x0000027fe2f81f90 code [0x0000027fe2f82200, 0x0000027fe2f82c88]
Event: 15.306 Thread 0x0000027ff7b82cb0 2032       3       org.springframework.core.ResolvableType::equals (157 bytes)
Event: 15.307 Thread 0x0000027ff7b82cb0 nmethod 2032 0x0000027fe2f83090 code [0x0000027fe2f83300, 0x0000027fe2f83df8]
Event: 15.307 Thread 0x0000027ff7b82cb0 2030       3       org.springframework.core.convert.converter.GenericConverter$ConvertiblePair::<init> (27 bytes)
Event: 15.308 Thread 0x0000027ff7b82cb0 nmethod 2030 0x0000027fe2f84010 code [0x0000027fe2f84200, 0x0000027fe2f846f8]
Event: 15.308 Thread 0x0000027ff7b82cb0 2033       3       org.springframework.core.convert.support.GenericConversionService::addConverter (13 bytes)
Event: 15.308 Thread 0x0000027ff7b82cb0 nmethod 2033 0x0000027fe2f84890 code [0x0000027fe2f84a40, 0x0000027fe2f84cb8]
Event: 15.308 Thread 0x0000027ff7b82cb0 2034       3       org.springframework.core.ResolvableType::calculateHashCode (80 bytes)
Event: 15.309 Thread 0x0000027ff7b82cb0 nmethod 2034 0x0000027fe2f84e10 code [0x0000027fe2f85000, 0x0000027fe2f85458]
Event: 15.309 Thread 0x0000027ff7b82cb0 2028       3       org.springframework.core.ResolvableType::toClass (7 bytes)
Event: 15.309 Thread 0x0000027ff7b82cb0 nmethod 2028 0x0000027fe2f85610 code [0x0000027fe2f857c0, 0x0000027fe2f85a38]
Event: 15.309 Thread 0x0000027ff7b82cb0 2031       3       java.lang.Class::getGenericInfo (52 bytes)
Event: 15.310 Thread 0x0000027ff7b82cb0 nmethod 2031 0x0000027fe2f85b10 code [0x0000027fe2f85da0, 0x0000027fe2f86b68]

GC Heap History (4 events):
Event: 9.570 GC heap before
{Heap before GC invocations=0 (full 0):
 garbage-first heap   total 98304K, used 23552K [0x00000000a0c00000, 0x0000000100000000)
  region size 1024K, 23 young (23552K), 0 survivors (0K)
 Metaspace       used 4729K, committed 4928K, reserved 1056768K
  class space    used 566K, committed 640K, reserved 1048576K
}
Event: 9.592 GC heap after
{Heap after GC invocations=1 (full 0):
 garbage-first heap   total 98304K, used 8493K [0x00000000a0c00000, 0x0000000100000000)
  region size 1024K, 3 young (3072K), 3 survivors (3072K)
 Metaspace       used 4729K, committed 4928K, reserved 1056768K
  class space    used 566K, committed 640K, reserved 1048576K
}
Event: 13.367 GC heap before
{Heap before GC invocations=1 (full 0):
 garbage-first heap   total 98304K, used 32045K [0x00000000a0c00000, 0x0000000100000000)
  region size 1024K, 26 young (26624K), 3 survivors (3072K)
 Metaspace       used 10602K, committed 10752K, reserved 1064960K
  class space    used 1322K, committed 1408K, reserved 1048576K
}
Event: 13.380 GC heap after
{Heap after GC invocations=2 (full 0):
 garbage-first heap   total 98304K, used 10706K [0x00000000a0c00000, 0x0000000100000000)
  region size 1024K, 2 young (2048K), 2 survivors (2048K)
 Metaspace       used 10602K, committed 10752K, reserved 1064960K
  class space    used 1322K, committed 1408K, reserved 1048576K
}

Deoptimization events (20 events):
Event: 14.314 Thread 0x0000027fdad80400 Uncommon trap: trap_request=0xffffff45 fr.pc=0x0000027fea167890 relative=0x0000000000004a70
Event: 14.314 Thread 0x0000027fdad80400 Uncommon trap: reason=unstable_if action=reinterpret pc=0x0000027fea167890 method=java.net.URLStreamHandler.parseURL(Ljava/net/URL;Ljava/lang/String;II)V @ 725 c2
Event: 14.314 Thread 0x0000027fdad80400 DEOPT PACKING pc=0x0000027fea167890 sp=0x000000d1d7ffbe60
Event: 14.314 Thread 0x0000027fdad80400 DEOPT UNPACKING pc=0x0000027fe26323a3 sp=0x000000d1d7ffbe28 mode 2
Event: 14.318 Thread 0x0000027fdad80400 Uncommon trap: trap_request=0xffffffc6 fr.pc=0x0000027fea10d0c0 relative=0x00000000000007c0
Event: 14.318 Thread 0x0000027fdad80400 Uncommon trap: reason=bimorphic_or_optimized_type_check action=maybe_recompile pc=0x0000027fea10d0c0 method=java.util.HashMap.putVal(ILjava/lang/Object;Ljava/lang/Object;ZZ)Ljava/lang/Object; @ 91 c2
Event: 14.318 Thread 0x0000027fdad80400 DEOPT PACKING pc=0x0000027fea10d0c0 sp=0x000000d1d7ffc040
Event: 14.318 Thread 0x0000027fdad80400 DEOPT UNPACKING pc=0x0000027fe26323a3 sp=0x000000d1d7ffbfc0 mode 2
Event: 14.851 Thread 0x0000027fdad80400 Uncommon trap: trap_request=0xffffff45 fr.pc=0x0000027fea119544 relative=0x0000000000000f24
Event: 14.851 Thread 0x0000027fdad80400 Uncommon trap: reason=unstable_if action=reinterpret pc=0x0000027fea119544 method=java.util.concurrent.ConcurrentHashMap.putVal(Ljava/lang/Object;Ljava/lang/Object;Z)Ljava/lang/Object; @ 148 c2
Event: 14.851 Thread 0x0000027fdad80400 DEOPT PACKING pc=0x0000027fea119544 sp=0x000000d1d7ffc360
Event: 14.851 Thread 0x0000027fdad80400 DEOPT UNPACKING pc=0x0000027fe26323a3 sp=0x000000d1d7ffc2e0 mode 2
Event: 14.936 Thread 0x0000027fdad80400 Uncommon trap: trap_request=0xffffff45 fr.pc=0x0000027fea13bcc0 relative=0x00000000000023c0
Event: 14.936 Thread 0x0000027fdad80400 Uncommon trap: reason=unstable_if action=reinterpret pc=0x0000027fea13bcc0 method=jdk.internal.org.objectweb.asm.Frame.execute(IILjdk/internal/org/objectweb/asm/Symbol;Ljdk/internal/org/objectweb/asm/SymbolTable;)V @ 1 c2
Event: 14.936 Thread 0x0000027fdad80400 DEOPT PACKING pc=0x0000027fea13bcc0 sp=0x000000d1d7ffacf0
Event: 14.936 Thread 0x0000027fdad80400 DEOPT UNPACKING pc=0x0000027fe26323a3 sp=0x000000d1d7ffaca8 mode 2
Event: 15.270 Thread 0x0000027fdad80400 Uncommon trap: trap_request=0xffffff45 fr.pc=0x0000027fea1512d4 relative=0x0000000000001334
Event: 15.270 Thread 0x0000027fdad80400 Uncommon trap: reason=unstable_if action=reinterpret pc=0x0000027fea1512d4 method=java.net.URL.<init>(Ljava/net/URL;Ljava/lang/String;Ljava/net/URLStreamHandler;)V @ 347 c2
Event: 15.270 Thread 0x0000027fdad80400 DEOPT PACKING pc=0x0000027fea1512d4 sp=0x000000d1d7ffcd30
Event: 15.270 Thread 0x0000027fdad80400 DEOPT UNPACKING pc=0x0000027fe26323a3 sp=0x000000d1d7ffccb0 mode 2

Classes unloaded (0 events):
No events

Classes redefined (0 events):
No events

Internal exceptions (20 events):
Event: 13.076 Thread 0x0000027fdad80400 Exception <a 'java/lang/NoSuchMethodError'{0x00000000a57689e0}: 'java.lang.Object java.lang.invoke.Invokers$Holder.linkToTargetMethod(java.lang.Object, java.lang.Object, java.lang.Object, java.lang.Object, java.lang.Object, java.lang.Object, java.lang.Object)'> (0x00000000a57689e0) 
thrown [t:\workspace\open\src\hotspot\share\interpreter\linkResolver.cpp, line 766]
Event: 13.078 Thread 0x0000027fdad80400 Exception <a 'java/lang/NoSuchMethodError'{0x00000000a576eea8}: 'java.lang.Object java.lang.invoke.DirectMethodHandle$Holder.invokeInterface(java.lang.Object, java.lang.Object, java.lang.Object, java.lang.Object, java.lang.Object)'> (0x00000000a576eea8) 
thrown [t:\workspace\open\src\hotspot\share\interpreter\linkResolver.cpp, line 766]
Event: 13.079 Thread 0x0000027fdad80400 Exception <a 'java/lang/IncompatibleClassChangeError'{0x00000000a5772ca0}: Found class java.lang.Object, but interface was expected> (0x00000000a5772ca0) 
thrown [t:\workspace\open\src\hotspot\share\interpreter\linkResolver.cpp, line 833]
Event: 13.576 Thread 0x0000027fdad80400 Exception <a 'sun/nio/fs/WindowsException'{0x00000000a6af4008}> (0x00000000a6af4008) 
thrown [t:\workspace\open\src\hotspot\share\prims\jni.cpp, line 516]
Event: 13.612 Thread 0x0000027fdad80400 Exception <a 'java/lang/NoSuchMethodError'{0x00000000a6949018}: 'void java.lang.invoke.DirectMethodHandle$Holder.invokeStaticInit(java.lang.Object, java.lang.Object, java.lang.Object, java.lang.Object)'> (0x00000000a6949018) 
thrown [t:\workspace\open\src\hotspot\share\interpreter\linkResolver.cpp, line 766]
Event: 13.618 Thread 0x0000027fdad80400 Exception <a 'java/lang/IncompatibleClassChangeError'{0x00000000a695cf38}: Found class java.lang.Object, but interface was expected> (0x00000000a695cf38) 
thrown [t:\workspace\open\src\hotspot\share\interpreter\linkResolver.cpp, line 833]
Event: 13.696 Thread 0x0000027fdad80400 Exception <a 'java/lang/NoSuchMethodError'{0x00000000a6837a30}: 'int java.lang.invoke.DirectMethodHandle$Holder.invokeSpecial(java.lang.Object, java.lang.Object, java.lang.Object, java.lang.Object)'> (0x00000000a6837a30) 
thrown [t:\workspace\open\src\hotspot\share\interpreter\linkResolver.cpp, line 766]
Event: 13.794 Thread 0x0000027fdad80400 Exception <a 'java/lang/NoSuchMethodError'{0x00000000a68f1d00}: 'void java.lang.invoke.DirectMethodHandle$Holder.invokeStatic(java.lang.Object, java.lang.Object, java.lang.Object, java.lang.Object, java.lang.Object, java.lang.Object)'> (0x00000000a68f1d00) 
thrown [t:\workspace\open\src\hotspot\share\interpreter\linkResolver.cpp, line 766]
Event: 13.830 Thread 0x0000027fdad80400 Exception <a 'java/lang/NoSuchMethodError'{0x00000000a675be58}: 'java.lang.Object java.lang.invoke.DirectMethodHandle$Holder.invokeSpecial(java.lang.Object, java.lang.Object, java.lang.Object, java.lang.Object, java.lang.Object, java.lang.Object, int)'> (0x00000000a675be58) 
thrown [t:\workspace\open\src\hotspot\share\interpreter\linkResolver.cpp, line 766]
Event: 13.833 Thread 0x0000027fdad80400 Exception <a 'java/lang/NoSuchMethodError'{0x00000000a6766908}: 'java.lang.Object java.lang.invoke.DirectMethodHandle$Holder.newInvokeSpecial(java.lang.Object, java.lang.Object, java.lang.Object, java.lang.Object, java.lang.Object, java.lang.Object, int)'> (0x00000000a6766908) 
thrown [t:\workspace\open\src\hotspot\share\interpreter\linkResolver.cpp, line 766]
Event: 13.835 Thread 0x0000027fdad80400 Exception <a 'java/lang/NoSuchMethodError'{0x00000000a676be98}: 'java.lang.Object java.lang.invoke.DirectMethodHandle$Holder.invokeSpecial(java.lang.Object, java.lang.Object, java.lang.Object, java.lang.Object, java.lang.Object, java.lang.Object, java.lang.Object, int)'> (0x00000000a676be98) 
thrown [t:\workspace\open\src\hotspot\share\interpreter\linkResolver.cpp, line 766]
Event: 14.076 Thread 0x0000027fdad80400 Implicit null exception at 0x0000027fea0fc08f to 0x0000027fea0fc468
Event: 14.076 Thread 0x0000027fdad80400 Implicit null exception at 0x0000027fea0fca0f to 0x0000027fea0fcde4
Event: 14.228 Thread 0x0000027fdad80400 Exception <a 'java/lang/NoSuchMethodError'{0x00000000a62537c8}: 'java.lang.Object java.lang.invoke.DirectMethodHandle$Holder.invokeSpecial(java.lang.Object, java.lang.Object, java.lang.Object, int, java.lang.Object)'> (0x00000000a62537c8) 
thrown [t:\workspace\open\src\hotspot\share\interpreter\linkResolver.cpp, line 766]
Event: 14.230 Thread 0x0000027fdad80400 Exception <a 'java/lang/NoSuchMethodError'{0x00000000a625c380}: 'java.lang.Object java.lang.invoke.DirectMethodHandle$Holder.newInvokeSpecial(java.lang.Object, java.lang.Object, java.lang.Object, int, java.lang.Object)'> (0x00000000a625c380) 
thrown [t:\workspace\open\src\hotspot\share\interpreter\linkResolver.cpp, line 766]
Event: 14.232 Thread 0x0000027fdad80400 Exception <a 'java/lang/NoSuchMethodError'{0x00000000a62642a0}: 'java.lang.Object java.lang.invoke.Invokers$Holder.linkToTargetMethod(java.lang.Object, java.lang.Object, int, java.lang.Object, java.lang.Object)'> (0x00000000a62642a0) 
thrown [t:\workspace\open\src\hotspot\share\interpreter\linkResolver.cpp, line 766]
Event: 14.235 Thread 0x0000027fdad80400 Exception <a 'java/lang/NoSuchMethodError'{0x00000000a62748b8}: 'java.lang.Object java.lang.invoke.DirectMethodHandle$Holder.newInvokeSpecial(java.lang.Object, int, java.lang.Object)'> (0x00000000a62748b8) 
thrown [t:\workspace\open\src\hotspot\share\interpreter\linkResolver.cpp, line 766]
Event: 14.314 Thread 0x0000027fdad80400 Implicit null exception at 0x0000027fea163079 to 0x0000027fea167848
Event: 14.365 Thread 0x0000027fdad80400 Exception <a 'java/lang/NoSuchMethodError'{0x00000000a61bf030}: 'void java.lang.invoke.DirectMethodHandle$Holder.invokeStatic(java.lang.Object, java.lang.Object)'> (0x00000000a61bf030) 
thrown [t:\workspace\open\src\hotspot\share\interpreter\linkResolver.cpp, line 766]
Event: 14.366 Thread 0x0000027fdad80400 Exception <a 'java/lang/NoSuchMethodError'{0x00000000a61c2b80}: 'void java.lang.invoke.DirectMethodHandle$Holder.invokeStaticInit(java.lang.Object, java.lang.Object)'> (0x00000000a61c2b80) 
thrown [t:\workspace\open\src\hotspot\share\interpreter\linkResolver.cpp, line 766]

VM Operations (20 events):
Event: 9.747 Executing VM operation: HandshakeAllThreads
Event: 9.747 Executing VM operation: HandshakeAllThreads done
Event: 10.663 Executing VM operation: HandshakeAllThreads
Event: 10.663 Executing VM operation: HandshakeAllThreads done
Event: 10.663 Executing VM operation: Cleanup
Event: 10.663 Executing VM operation: Cleanup done
Event: 10.927 Executing VM operation: HandshakeAllThreads
Event: 10.928 Executing VM operation: HandshakeAllThreads done
Event: 11.936 Executing VM operation: Cleanup
Event: 11.936 Executing VM operation: Cleanup done
Event: 12.946 Executing VM operation: Cleanup
Event: 12.947 Executing VM operation: Cleanup done
Event: 13.086 Executing VM operation: HandshakeAllThreads
Event: 13.086 Executing VM operation: HandshakeAllThreads done
Event: 13.367 Executing VM operation: G1CollectForAllocation
Event: 13.380 Executing VM operation: G1CollectForAllocation done
Event: 14.190 Executing VM operation: HandshakeAllThreads
Event: 14.190 Executing VM operation: HandshakeAllThreads done
Event: 15.189 Executing VM operation: Cleanup
Event: 15.189 Executing VM operation: Cleanup done

Events (20 events):
Event: 15.031 loading class java/util/Stack done
Event: 15.033 loading class java/util/Vector$Itr
Event: 15.033 loading class java/util/Vector$Itr done
Event: 15.228 Thread 0x0000027ffa0f3040 Thread added: 0x0000027ffa0f3040
Event: 15.242 loading class sun/nio/cs/UTF_8$Encoder
Event: 15.243 loading class sun/nio/cs/UTF_8$Encoder done
Event: 15.245 loading class java/lang/Throwable$WrappedPrintWriter
Event: 15.246 loading class java/lang/Throwable$PrintStreamOrWriter
Event: 15.246 loading class java/lang/Throwable$PrintStreamOrWriter done
Event: 15.246 loading class java/lang/Throwable$WrappedPrintWriter done
Event: 15.280 loading class java/io/Console
Event: 15.280 loading class java/io/Console done
Event: 15.291 loading class sun/nio/cs/IBM850
Event: 15.291 loading class sun/nio/cs/IBM850 done
Event: 15.292 loading class java/io/Console$2
Event: 15.293 loading class jdk/internal/access/JavaIOAccess
Event: 15.293 loading class jdk/internal/access/JavaIOAccess done
Event: 15.293 loading class java/io/Console$2 done
Event: 15.325 loading class java/util/ServiceConfigurationError
Event: 15.326 loading class java/util/ServiceConfigurationError done


Dynamic libraries:
0x00007ff613310000 - 0x00007ff613320000 	C:\Program Files\Java\jdk-17.0.2\bin\java.exe
0x00007ff9771e0000 - 0x00007ff9773e9000 	C:\WINDOWS\SYSTEM32\ntdll.dll
0x00007ff975fe0000 - 0x00007ff97609d000 	C:\WINDOWS\System32\KERNEL32.DLL
0x00007ff974740000 - 0x00007ff974ab9000 	C:\WINDOWS\System32\KERNELBASE.dll
0x00007ff974b80000 - 0x00007ff974c91000 	C:\WINDOWS\System32\ucrtbase.dll
0x00007ff952410000 - 0x00007ff952428000 	C:\Program Files\Java\jdk-17.0.2\bin\jli.dll
0x00007ff975f30000 - 0x00007ff975fde000 	C:\WINDOWS\System32\ADVAPI32.dll
0x00007ff975160000 - 0x00007ff975203000 	C:\WINDOWS\System32\msvcrt.dll
0x00007ff977100000 - 0x00007ff97719e000 	C:\WINDOWS\System32\sechost.dll
0x00007ff976ef0000 - 0x00007ff977010000 	C:\WINDOWS\System32\RPCRT4.dll
0x00007ff976910000 - 0x00007ff976abc000 	C:\WINDOWS\System32\USER32.dll
0x00007ff974ed0000 - 0x00007ff974ef6000 	C:\WINDOWS\System32\win32u.dll
0x00007ff975d10000 - 0x00007ff975d39000 	C:\WINDOWS\System32\GDI32.dll
0x00007ff974d10000 - 0x00007ff974e22000 	C:\WINDOWS\System32\gdi32full.dll
0x00007ff974e30000 - 0x00007ff974ecd000 	C:\WINDOWS\System32\msvcp_win.dll
0x00007ff96e720000 - 0x00007ff96e73a000 	C:\Program Files\Java\jdk-17.0.2\bin\VCRUNTIME140.dll
0x00007ff95fc70000 - 0x00007ff95ff15000 	C:\WINDOWS\WinSxS\amd64_microsoft.windows.common-controls_6595b64144ccf1df_6.0.22000.120_none_9d947278b86cc467\COMCTL32.dll
0x00007ff96a870000 - 0x00007ff96a87a000 	C:\WINDOWS\SYSTEM32\VERSION.dll
0x00007ff976c00000 - 0x00007ff976c31000 	C:\WINDOWS\System32\IMM32.DLL
0x00007ff9706d0000 - 0x00007ff9706dc000 	C:\Program Files\Java\jdk-17.0.2\bin\vcruntime140_1.dll
0x00007ff951990000 - 0x00007ff951a1d000 	C:\Program Files\Java\jdk-17.0.2\bin\msvcp140.dll
0x00007ff908d10000 - 0x00007ff9098d1000 	C:\Program Files\Java\jdk-17.0.2\bin\server\jvm.dll
0x00007ff976900000 - 0x00007ff976908000 	C:\WINDOWS\System32\PSAPI.DLL
0x00007ff955990000 - 0x00007ff955999000 	C:\WINDOWS\SYSTEM32\WSOCK32.dll
0x00007ff975dc0000 - 0x00007ff975e2f000 	C:\WINDOWS\System32\WS2_32.dll
0x00007ff96e600000 - 0x00007ff96e633000 	C:\WINDOWS\SYSTEM32\WINMM.dll
0x00007ff973790000 - 0x00007ff9737a8000 	C:\WINDOWS\SYSTEM32\kernel.appcore.dll
0x00007ff96f5d0000 - 0x00007ff96f5da000 	C:\Program Files\Java\jdk-17.0.2\bin\jimage.dll
0x00007ff96ba10000 - 0x00007ff96bc31000 	C:\WINDOWS\SYSTEM32\DBGHELP.DLL
0x00007ff95e610000 - 0x00007ff95e641000 	C:\WINDOWS\SYSTEM32\dbgcore.DLL
0x00007ff9746c0000 - 0x00007ff97473f000 	C:\WINDOWS\System32\bcryptPrimitives.dll
0x00007ff959310000 - 0x00007ff959335000 	C:\Program Files\Java\jdk-17.0.2\bin\java.dll
0x00007ff951bb0000 - 0x00007ff951c86000 	C:\Program Files\Java\jdk-17.0.2\bin\jsvml.dll
0x00007ff975270000 - 0x00007ff975a28000 	C:\WINDOWS\System32\SHELL32.dll
0x00007ff9727f0000 - 0x00007ff973057000 	C:\WINDOWS\SYSTEM32\windows.storage.dll
0x00007ff976580000 - 0x00007ff9768f9000 	C:\WINDOWS\System32\combase.dll
0x00007ff972680000 - 0x00007ff9727e6000 	C:\WINDOWS\SYSTEM32\wintypes.dll
0x00007ff976e00000 - 0x00007ff976eea000 	C:\WINDOWS\System32\SHCORE.dll
0x00007ff975e30000 - 0x00007ff975e8d000 	C:\WINDOWS\System32\shlwapi.dll
0x00007ff9745f0000 - 0x00007ff974611000 	C:\WINDOWS\SYSTEM32\profapi.dll
0x00007ff960df0000 - 0x00007ff960e09000 	C:\Program Files\Java\jdk-17.0.2\bin\net.dll
0x00007ff96cf20000 - 0x00007ff96d02c000 	C:\WINDOWS\SYSTEM32\WINHTTP.dll
0x00007ff973bf0000 - 0x00007ff973c57000 	C:\WINDOWS\system32\mswsock.dll
0x00007ff95ad80000 - 0x00007ff95ad96000 	C:\Program Files\Java\jdk-17.0.2\bin\nio.dll
0x00007ff957990000 - 0x00007ff9579a8000 	C:\Program Files\Java\jdk-17.0.2\bin\zip.dll
0x00007ff96e710000 - 0x00007ff96e719000 	C:\Program Files\Java\jdk-17.0.2\bin\management.dll
0x00007ff966e50000 - 0x00007ff966e5b000 	C:\Program Files\Java\jdk-17.0.2\bin\management_ext.dll
0x00007ff96e7e0000 - 0x00007ff96e7f0000 	C:\Program Files\Java\jdk-17.0.2\bin\verify.dll
0x00007ff950280000 - 0x00007ff950297000 	C:\WINDOWS\system32\napinsp.dll
0x00007ff9500e0000 - 0x00007ff9500fb000 	C:\WINDOWS\system32\pnrpnsp.dll
0x00007ff973320000 - 0x00007ff973408000 	C:\WINDOWS\SYSTEM32\DNSAPI.dll
0x00007ff9732b0000 - 0x00007ff9732dd000 	C:\WINDOWS\SYSTEM32\IPHLPAPI.DLL
0x00007ff975e90000 - 0x00007ff975e99000 	C:\WINDOWS\System32\NSI.dll
0x00007ff94ffe0000 - 0x00007ff94fff2000 	C:\WINDOWS\System32\winrnr.dll
0x00007ff967f70000 - 0x00007ff967f85000 	C:\WINDOWS\system32\wshbth.dll
0x00007ff94ffa0000 - 0x00007ff94ffbf000 	C:\WINDOWS\system32\nlansp_c.dll
0x00007ff9684c0000 - 0x00007ff9684ca000 	C:\Windows\System32\rasadhlp.dll
0x00007ff96a7e0000 - 0x00007ff96a861000 	C:\WINDOWS\System32\fwpuclnt.dll

dbghelp: loaded successfully - version: 4.0.5 - missing functions: none
symbol engine: initialized successfully - sym options: 0x614 - pdb path: .;C:\Program Files\Java\jdk-17.0.2\bin;C:\WINDOWS\SYSTEM32;C:\WINDOWS\WinSxS\amd64_microsoft.windows.common-controls_6595b64144ccf1df_6.0.22000.120_none_9d947278b86cc467;C:\Program Files\Java\jdk-17.0.2\bin\server

VM Arguments:
java_command: C:\Users\55479\AppData\Local\Temp\surefire12008836026287417870\surefirebooter2837980002836790693.jar C:\Users\55479\AppData\Local\Temp\surefire12008836026287417870 2022-07-29T16-20-49_962-jvmRun1 surefire17119853003540863081tmp surefire_012318789794088671723tmp
java_class_path (initial): C:\Users\55479\AppData\Local\Temp\surefire12008836026287417870\surefirebooter2837980002836790693.jar
Launcher Type: SUN_STANDARD

[Global flags]
     intx CICompilerCount                          = 4                                         {product} {ergonomic}
     uint ConcGCThreads                            = 2                                         {product} {ergonomic}
     uint G1ConcRefinementThreads                  = 8                                         {product} {ergonomic}
   size_t G1HeapRegionSize                         = 1048576                                   {product} {ergonomic}
    uintx GCDrainStackTargetSize                   = 64                                        {product} {ergonomic}
   size_t InitialHeapSize                          = 100663296                                 {product} {ergonomic}
   size_t MarkStackSize                            = 4194304                                   {product} {ergonomic}
   size_t MaxHeapSize                              = 1598029824                                {product} {ergonomic}
   size_t MaxNewSize                               = 958398464                                 {product} {ergonomic}
   size_t MinHeapDeltaBytes                        = 1048576                                   {product} {ergonomic}
   size_t MinHeapSize                              = 8388608                                   {product} {ergonomic}
    uintx NonNMethodCodeHeapSize                   = 5839372                                {pd product} {ergonomic}
    uintx NonProfiledCodeHeapSize                  = 122909434                              {pd product} {ergonomic}
    uintx ProfiledCodeHeapSize                     = 122909434                              {pd product} {ergonomic}
    uintx ReservedCodeCacheSize                    = 251658240                              {pd product} {ergonomic}
     bool SegmentedCodeCache                       = true                                      {product} {ergonomic}
   size_t SoftMaxHeapSize                          = 1598029824                             {manageable} {ergonomic}
     bool UseCompressedClassPointers               = true                           {product lp64_product} {ergonomic}
     bool UseCompressedOops                        = true                           {product lp64_product} {ergonomic}
     bool UseG1GC                                  = true                                      {product} {ergonomic}
     bool UseLargePagesIndividualAllocation        = false                                  {pd product} {ergonomic}

Logging:
Log output configuration:
 #0: stdout all=warning uptime,level,tags
 #1: stderr all=off uptime,level,tags

Environment Variables:
JAVA_HOME=C:\Program Files\Java\jdk-17.0.2
PATH=C:\Program Files\Common Files\Oracle\Java\javapath;C:\WINDOWS\system32;C:\WINDOWS;C:\WINDOWS\System32\Wbem;C:\WINDOWS\System32\WindowsPowerShell\v1.0\;C:\WINDOWS\System32\OpenSSH\;C:\Program Files\Git\cmd;C:\Program Files\Microsoft SQL Server\150\Tools\Binn\;C:\Program Files\Microsoft SQL Server\Client SDK\ODBC\170\Tools\Binn\;C:\Program Files\dotnet\;C:\Program Files\Docker\Docker\resources\bin;C:\ProgramData\DockerDesktop\version-bin;C:\Users\55479\AppData\Local\Programs\Python\Python310\Scripts\;C:\Users\55479\AppData\Local\Programs\Python\Python310\;C:\Users\55479\AppData\Local\Microsoft\WindowsApps;C:\Users\55479\OneDrive\Bureau\Apps\apache-maven-3.8.5-bin\apache-maven-3.8.5\bin;C:\Program Files\JetBrains\PyCharm 2022.1\bin;;C:\Users\55479\.dotnet\tools;C:\Users\55479\AppData\Local\Programs\Microsoft VS Code\bin
USERNAME=554799103706
OS=Windows_NT
PROCESSOR_IDENTIFIER=AMD64 Family 23 Model 24 Stepping 1, AuthenticAMD



---------------  S Y S T E M  ---------------

OS:
 Windows 11 , 64 bit Build 22000 (10.0.22000.708)
OS uptime: 3 days 23:48 hours
Hyper-V role detected

CPU: total 8 (initial active 8) (8 cores per cpu, 2 threads per core) family 23 model 24 stepping 1 microcode 0x0, cx8, cmov, fxsr, ht, mmx, 3dnowpref, sse, sse2, sse3, ssse3, sse4a, sse4.1, sse4.2, popcnt, lzcnt, tsc, tscinvbit, avx, avx2, aes, clmul, bmi1, bmi2, adx, sha, fma, vzeroupper, clflush, clflushopt, hv

Memory: 4k page, system-wide physical 6091M (14M free)
TotalPageFile size 24523M (AvailPageFile size 5M)
current process WorkingSet (physical memory assigned to process): 103M, peak: 104M
current process commit charge ("private bytes"): 220M, peak: 221M

vm_info: Java HotSpot(TM) 64-Bit Server VM (17.0.2+8-LTS-86) for windows-amd64 JRE (17.0.2+8-LTS-86), built on Dec  7 2021 21:51:03 by "mach5one" with MS VC++ 16.8 / 16.9 (VS2019)

END.
